<?xml version="1.0" encoding="UTF-8"?>
<!-- Generated by org.testng.reporters.JUnitXMLReporter -->
<testsuite hostname="Chirumamilla-Bhargavs-MacBook-Pro.local" ignored="0" name="Default test" tests="1" failures="0" timestamp="24 Jul 2019 08:56:04 GMT" time="0.016" errors="0">
  <testcase name="@BeforeSuite setupDriver" time="0.0" classname="com.landmarkshops.apps.Launcher.TestHarness">
    <failure type="org.testng.TestNGException" message="
Parameter &amp;apos;configFileName&amp;apos; is required by BeforeSuite on method setupDriver but has not been marked @Optional or defined
in /private/var/folders/l7/9l0rjvpn4m16wrd8064bq0l80000gp/T/testng-eclipse-1253206556/testng-customsuite.xml">
      <![CDATA[org.testng.TestNGException: 
Parameter 'configFileName' is required by BeforeSuite on method setupDriver but has not been marked @Optional or defined
in /private/var/folders/l7/9l0rjvpn4m16wrd8064bq0l80000gp/T/testng-eclipse-1253206556/testng-customsuite.xml
	at org.testng.internal.Parameters.createParameters(Parameters.java:199)
	at org.testng.internal.Parameters.createParameters(Parameters.java:443)
	at org.testng.internal.Parameters.createConfigurationParameters(Parameters.java:118)
	at org.testng.internal.Invoker.invokeConfigurations(Invoker.java:203)
	at org.testng.internal.Invoker.invokeConfigurations(Invoker.java:144)
	at org.testng.SuiteRunner.privateRun(SuiteRunner.java:326)
	at org.testng.SuiteRunner.run(SuiteRunner.java:289)
	at org.testng.SuiteRunnerWorker.runSuite(SuiteRunnerWorker.java:52)
	at org.testng.SuiteRunnerWorker.run(SuiteRunnerWorker.java:86)
	at org.testng.TestNG.runSuitesSequentially(TestNG.java:1293)
	at org.testng.TestNG.runSuitesLocally(TestNG.java:1218)
	at org.testng.TestNG.runSuites(TestNG.java:1133)
	at org.testng.TestNG.run(TestNG.java:1104)
	at org.testng.remote.AbstractRemoteTestNG.run(AbstractRemoteTestNG.java:114)
	at org.testng.remote.RemoteTestNG.initAndRun(RemoteTestNG.java:251)
	at org.testng.remote.RemoteTestNG.main(RemoteTestNG.java:77)
]]>
    </failure>
  </testcase> <!-- @BeforeSuite setupDriver -->
  <testcase name="@BeforeMethod beforeTest" time="0.0" classname="com.landmarkshops.apps.Launcher.TestHarness">
    <skipped/>
  </testcase> <!-- @BeforeMethod beforeTest -->
  <testcase name="@AfterMethod afterTest" time="0.0" classname="com.landmarkshops.apps.Launcher.TestHarness">
    <skipped/>
  </testcase> <!-- @AfterMethod afterTest -->
  <testcase name="Search_By_Product" time="0.002" classname="com.landmarkshops.apps.TestRunner.SearchTest">
    <skipped/>
  </testcase> <!-- Search_By_Product -->
</testsuite> <!-- Default test -->
